<?xml version="1.0" encoding="UTF-8"?>
<!-- Generated by org.testng.reporters.JUnitReportReporter -->
<testsuite hostname="DESKTOP-F7SHF1O" failures="0" tests="1" name="PIM_Tests" time="0.046" errors="0" timestamp="2022-05-29T19:19:10 IST" skipped="0">
  <testcase classname="PIM_Tests" name="addEmployeeFromPIM" time="0.046"/>
  <system-out/>
</testsuite> <!-- PIM_Tests -->
