<?xml version="1.0" encoding="UTF-8"?>
<!-- Generated by org.testng.reporters.JUnitReportReporter -->
<testsuite hostname="DESKTOP-F7SHF1O" failures="0" tests="1" name="com.orange.testscripts.PIM_Tests" time="0.019" errors="0" timestamp="2022-06-02T20:38:57 IST" skipped="0">
  <testcase classname="com.orange.testscripts.PIM_Tests" name="addEmployeeFromPIM" time="0.019"/>
  <system-out/>
</testsuite> <!-- com.orange.testscripts.PIM_Tests -->
