<?xml version="1.0" encoding="UTF-8"?>
<!-- Generated by org.testng.reporters.JUnitReportReporter -->
<testsuite hostname="DESKTOP-F7SHF1O" failures="0" tests="1" name="RecruitmentTests" time="27.777" errors="0" timestamp="2022-05-28T18:14:22 IST" skipped="0">
  <testcase classname="RecruitmentTests" name="addRecruit" time="27.777"/>
  <system-out/>
</testsuite> <!-- RecruitmentTests -->
